<?xml version="1.0" encoding="UTF-8"?>
<!-- Generated by org.testng.reporters.JUnitXMLReporter -->
<testsuite ignored="0" hostname="Rodneys-MBP" failures="0" tests="3" name="Default test" time="2.962" errors="0" timestamp="2021-05-13T13:21:34 CDT">
  <testcase classname="tests.PutPatchDeleteExamples" name="testDelete" time="2.083"/>
  <testcase classname="tests.PutPatchDeleteExamples" name="testPatch" time="0.476"/>
  <testcase classname="tests.PutPatchDeleteExamples" name="testPut" time="0.361"/>
</testsuite> <!-- Default test -->
